17:47:42 **** Build of configuration Default for project discordiador ****
make all 
mkdir -p bin
mkdir -p obj
mkdir -p obj/tareas
gcc -I"../shared" -Wall -DDEBUG -g -c -fmessage-length=0 -MMD -MP -MF"obj/discordiador.d" -MT"obj/discordiador.d" -o "obj/discordiador.o" "src/discordiador.c"
src/discordiador.c: In function ‘obtener_parametros_tarea’:
src/discordiador.c:229:17: warning: passing argument 1 of ‘es_tarea_IO’ from incompatible pointer type [-Wincompatible-pointer-types]
  if(es_tarea_IO(t->Tarea))
                 ^
src/discordiador.c:113:6: note: expected ‘char *’ but argument is of type ‘tarea_tripulante * {aka struct <anonymous> *}’
 bool es_tarea_IO(char* tarea)
      ^
src/discordiador.c:232:30: warning: passing argument 1 of ‘string_split’ from incompatible pointer type [-Wincompatible-pointer-types]
   char** list = string_split(t->Tarea," ");
                              ^
In file included from src/discordiador.c:16:0:
/usr/include/commons/string.h:181:10: note: expected ‘char *’ but argument is of type ‘tarea_tripulante * {aka struct <anonymous> *}’
  char**  string_split(char * text, char * separator);
          ^
src/discordiador.c:233:13: warning: comparison of distinct pointer types lacks a cast
   if(list[0]==t->Tarea)
             ^
src/discordiador.c:235:35: warning: passing argument 1 of ‘string_split’ from incompatible pointer type [-Wincompatible-pointer-types]
    char** parametros=string_split(t->Tarea,(char*)';');
                                   ^
In file included from src/discordiador.c:16:0:
/usr/include/commons/string.h:181:10: note: expected ‘char *’ but argument is of type ‘tarea_tripulante * {aka struct <anonymous> *}’
  char**  string_split(char * text, char * separator);
          ^
src/discordiador.c:254:34: warning: passing argument 1 of ‘string_split’ from incompatible pointer type [-Wincompatible-pointer-types]
   char** parametros=string_split(t->Tarea,(char*)";");
                                  ^
In file included from src/discordiador.c:16:0:
/usr/include/commons/string.h:181:10: note: expected ‘char *’ but argument is of type ‘tarea_tripulante * {aka struct <anonymous> *}’
  char**  string_split(char * text, char * separator);
          ^
src/discordiador.c: In function ‘eliminarTripulante’:
src/discordiador.c:370:2: warning: implicit declaration of function ‘cambiar_estado’ [-Wimplicit-function-declaration]
  cambiar_estado(tripulante,"Exit");
  ^
src/discordiador.c: In function ‘ejecutando_a_bloqueado’:
src/discordiador.c:407:58: warning: passing argument 2 of ‘list_remove_by_condition’ from incompatible pointer type [-Wincompatible-pointer-types]
   queue_push(bloqueados,list_remove_by_condition(execute,esElMismoTripulante));
                                                          ^
In file included from src/discordiador.c:17:0:
/usr/include/commons/collections/list.h:164:8: note: expected ‘_Bool (*)(void *)’ but argument is of type ‘_Bool (*)(Tripulante *) {aka _Bool (*)(struct <anonymous> *)}’
  void *list_remove_by_condition(t_list *, bool(*condition)(void*));
        ^
src/discordiador.c: In function ‘moverTripulante’:
src/discordiador.c:434:3: warning: implicit declaration of function ‘enviar_posicion’ [-Wimplicit-function-declaration]
   enviar_posicion(tripu,socket_miram);
   ^
src/discordiador.c: At top level:
src/discordiador.c:466:6: warning: conflicting types for ‘enviar_posicion’
 void enviar_posicion(Tripulante* tripulante,int socket_miram){
      ^
src/discordiador.c:434:3: note: previous implicit declaration of ‘enviar_posicion’ was here
   enviar_posicion(tripu,socket_miram);
   ^
src/discordiador.c: In function ‘hacerFifo’:
src/discordiador.c:548:12: warning: passing argument 1 of ‘sem_post’ from incompatible pointer type [-Wincompatible-pointer-types]
   sem_post(&tripu->sem_pasaje_a_exec);
            ^
In file included from src/discordiador.c:27:0:
/usr/include/semaphore.h:69:12: note: expected ‘sem_t * {aka union <anonymous> *}’ but argument is of type ‘pthread_t * {aka long unsigned int *}’
 extern int sem_post (sem_t *__sem) __THROWNL;
            ^
src/discordiador.c: In function ‘hacerRoundRobin’:
src/discordiador.c:594:12: warning: passing argument 1 of ‘sem_post’ from incompatible pointer type [-Wincompatible-pointer-types]
   sem_post(&tripulant->sem_pasaje_a_exec);
            ^
In file included from src/discordiador.c:27:0:
/usr/include/semaphore.h:69:12: note: expected ‘sem_t * {aka union <anonymous> *}’ but argument is of type ‘pthread_t * {aka long unsigned int *}’
 extern int sem_post (sem_t *__sem) __THROWNL;
            ^
src/discordiador.c:604:53: warning: passing argument 2 of ‘list_remove_by_condition’ from incompatible pointer type [-Wincompatible-pointer-types]
   queue_push(ready,list_remove_by_condition(execute,esElMismoTripulante));
                                                     ^
In file included from src/discordiador.c:17:0:
/usr/include/commons/collections/list.h:164:8: note: expected ‘_Bool (*)(void *)’ but argument is of type ‘_Bool (*)(Tripulante *) {aka _Bool (*)(struct <anonymous> *)}’
  void *list_remove_by_condition(t_list *, bool(*condition)(void*));
        ^
src/discordiador.c: In function ‘vivirTripulante’:
src/discordiador.c:630:12: warning: passing argument 1 of ‘sem_wait’ from incompatible pointer type [-Wincompatible-pointer-types]
   sem_wait(&(tripulante->sem_pasaje_a_exec));
            ^
In file included from src/discordiador.c:27:0:
/usr/include/semaphore.h:54:12: note: expected ‘sem_t * {aka union <anonymous> *}’ but argument is of type ‘pthread_t * {aka long unsigned int *}’
 extern int sem_wait (sem_t *__sem);
            ^
src/discordiador.c:633:4: warning: implicit declaration of function ‘pedir_tarea’ [-Wimplicit-function-declaration]
    pedir_tarea(tripulante);
    ^
src/discordiador.c: In function ‘atender_sabotaje’:
src/discordiador.c:691:16: warning: unused variable ‘mas_cerca’ [-Wunused-variable]
    Tripulante* mas_cerca=iterado;
                ^
src/discordiador.c: In function ‘enviar_iniciar_patota’:
src/discordiador.c:823:2: warning: implicit declaration of function ‘liberar_t_iniciar_patota’ [-Wimplicit-function-declaration]
  liberar_t_iniciar_patota(estructura);
  ^
src/discordiador.c: At top level:
src/discordiador.c:842:6: warning: conflicting types for ‘cambiar_estado’
 void cambiar_estado(Tripulante* tripulante,char* estado){
      ^
src/discordiador.c:370:2: note: previous implicit declaration of ‘cambiar_estado’ was here
  cambiar_estado(tripulante,"Exit");
  ^
src/discordiador.c: In function ‘imprimir_estado_nave’:
src/discordiador.c:910:25: warning: implicit declaration of function ‘temporal_get_string_time’ [-Wimplicit-function-declaration]
  char* tiempo = (char*) temporal_get_string_time("%d/%m/%y %H:%M:%S");
                         ^
src/discordiador.c: At top level:
src/discordiador.c:956:6: warning: conflicting types for ‘pedir_tarea’
 void pedir_tarea(Tripulante* tripulante){
      ^
src/discordiador.c:633:4: note: previous implicit declaration of ‘pedir_tarea’ was here
    pedir_tarea(tripulante);
    ^
src/discordiador.c: In function ‘hacerConsola’:
src/discordiador.c:1062:14: warning: passing argument 1 of ‘list_add’ from incompatible pointer type [-Wincompatible-pointer-types]
     list_add(ready,queue_pop(new));
              ^
In file included from src/discordiador.c:17:0:
/usr/include/commons/collections/list.h:58:6: note: expected ‘t_list * {aka struct <anonymous> *}’ but argument is of type ‘t_queue * {aka struct <anonymous> *}’
  int list_add(t_list *, void *element);
      ^
src/discordiador.c:1215:74: warning: passing argument 2 of ‘list_remove’ makes integer from pointer without a cast [-Wint-conversion]
    Tripulante* trip_mostrar=(Tripulante*)list_remove(get_all_tripulantes,NULL);
                                                                          ^
In file included from src/discordiador.c:17:0:
/usr/include/commons/collections/list.h:150:8: note: expected ‘int’ but argument is of type ‘void *’
  void *list_remove(t_list *, int index);
        ^
src/discordiador.c:1259:11: warning: unused variable ‘prueba_estado’ [-Wunused-variable]
    char** prueba_estado =string_split(linea, " ");
           ^
src/discordiador.c: In function ‘iniciar_Planificacion’:
src/discordiador.c:398:1: warning: control reaches end of non-void function [-Wreturn-type]
 }
 ^
src/discordiador.c: In function ‘atender_sabotaje’:
src/discordiador.c:693:6: warning: ‘posx’ may be used uninitialized in this function [-Wmaybe-uninitialized]
   if(calcular_distancia(iterado, posx, posy) < calcular_distancia(mas_cerca, posx, posy))
      ^
src/discordiador.c:693:6: warning: ‘posy’ may be used uninitialized in this function [-Wmaybe-uninitialized]
gcc -Wall -DDEBUG -g -o "bin/discordiador"  obj/discordiador.o -L"../shared/bin" -lreadline -lcommons -lshared -lpthread

17:47:44 Build Finished (took 1s.514ms)

